This is pdfTeX, Version 3.14159265-2.6-1.40.20 (TeX Live 2019/Debian) (preloaded format=latex 2021.3.6)  25 APR 2021 01:47
entering extended mode
 restricted \write18 enabled.
 %&-line parsing enabled.
**ee18btech11029.tex
(./ee18btech11029.tex
LaTeX2e <2020-02-02> patch level 2
L3 programming layer <2020-02-14>
(/usr/share/texlive/texmf-dist/tex/latex/base/article.cls
Document Class: article 2019/12/20 v1.4l Standard LaTeX document class
(/usr/share/texlive/texmf-dist/tex/latex/base/size10.clo
File: size10.clo 2019/12/20 v1.4l Standard LaTeX file (size option)
)
\c@part=\count167
\c@section=\count168
\c@subsection=\count169
\c@subsubsection=\count170
\c@paragraph=\count171
\c@subparagraph=\count172
\c@figure=\count173
\c@table=\count174
\abovecaptionskip=\skip47
\belowcaptionskip=\skip48
\bibindent=\dimen134
)
(/usr/share/texlive/texmf-dist/tex/latex/graphics/graphicx.sty
Package: graphicx 2019/11/30 v1.2a Enhanced LaTeX Graphics (DPC,SPQR)

(/usr/share/texlive/texmf-dist/tex/latex/graphics/keyval.sty
Package: keyval 2014/10/28 v1.15 key=value parser (DPC)
\KV@toks@=\toks14
)
(/usr/share/texlive/texmf-dist/tex/latex/graphics/graphics.sty
Package: graphics 2019/11/30 v1.4a Standard LaTeX Graphics (DPC,SPQR)

(/usr/share/texlive/texmf-dist/tex/latex/graphics/trig.sty
Package: trig 2016/01/03 v1.10 sin cos tan (DPC)
)
(/usr/share/texlive/texmf-dist/tex/latex/graphics-cfg/graphics.cfg
File: graphics.cfg 2016/06/04 v1.11 sample graphics configuration
)
Package graphics Info: Driver file: dvips.def on input line 105.

(/usr/share/texlive/texmf-dist/tex/latex/graphics-def/dvips.def
File: dvips.def 2017/06/20 v3.1d Graphics/color driver for dvips
))
\Gin@req@height=\dimen135
\Gin@req@width=\dimen136
)
(/usr/share/texlive/texmf-dist/tex/latex/l3backend/l3backend-dvips.def
File: l3backend-dvips.def 2020-02-03 L3 backend support: dvips
\l__pdf_internal_box=\box45
\g__pdf_backend_object_int=\count175
\l__pdf_backend_content_box=\box46
\l__pdf_backend_model_box=\box47
\g__pdf_backend_annotation_int=\count176
\g__pdf_backend_link_int=\count177
\g__pdf_backend_link_sf_int=\count178
)
(./ee18btech11029.aux)
\openout1 = `ee18btech11029.aux'.

LaTeX Font Info:    Checking defaults for OML/cmm/m/it on input line 9.
LaTeX Font Info:    ... okay on input line 9.
LaTeX Font Info:    Checking defaults for OMS/cmsy/m/n on input line 9.
LaTeX Font Info:    ... okay on input line 9.
LaTeX Font Info:    Checking defaults for OT1/cmr/m/n on input line 9.
LaTeX Font Info:    ... okay on input line 9.
LaTeX Font Info:    Checking defaults for T1/cmr/m/n on input line 9.
LaTeX Font Info:    ... okay on input line 9.
LaTeX Font Info:    Checking defaults for TS1/cmr/m/n on input line 9.
LaTeX Font Info:    ... okay on input line 9.
LaTeX Font Info:    Checking defaults for OMX/cmex/m/n on input line 9.
LaTeX Font Info:    ... okay on input line 9.
LaTeX Font Info:    Checking defaults for U/cmr/m/n on input line 9.
LaTeX Font Info:    ... okay on input line 9.
LaTeX Font Info:    External font `cmex10' loaded for size
(Font)              <12> on input line 15.
LaTeX Font Info:    External font `cmex10' loaded for size
(Font)              <8> on input line 15.
LaTeX Font Info:    External font `cmex10' loaded for size
(Font)              <6> on input line 15.
LaTeX Font Info:    External font `cmex10' loaded for size
(Font)              <7> on input line 27.
LaTeX Font Info:    External font `cmex10' loaded for size
(Font)              <5> on input line 27.
LaTeX Font Info:    Trying to load font information for OMS+cmr on input line 3
6.
 (/usr/share/texlive/texmf-dist/tex/latex/base/omscmr.fd
File: omscmr.fd 2019/12/16 v2.5j Standard LaTeX font definitions
)
LaTeX Font Info:    Font shape `OMS/cmr/m/n' in size <10> not available
(Font)              Font shape `OMS/cmsy/m/n' tried instead on input line 36.
[1

] [2]
File: figs/iir/varyingepsilon.eps Graphic file (type eps)
 <figs/iir/varyingepsilon.eps>
Overfull \hbox (81.79134pt too wide) in paragraph at lines 140--141
[][] 
 []

File: figs/iir/ee18btech11029_LPcheb.eps Graphic file (type eps)
<figs/iir/ee18btech11029_LPcheb.eps>
Overfull \hbox (81.79134pt too wide) in paragraph at lines 147--148
[][] 
 []

File: figs/iir/ee18btech11029_bandpass_analog.eps Graphic file (type eps)
<figs/iir/ee18btech11029_bandpass_analog.eps>
Overfull \hbox (81.79134pt too wide) in paragraph at lines 153--154
[][] 
 []

[3] [4] [5] [6]
File: figs/iir/ee18btech11029_bandpass_digital.eps Graphic file (type eps)
 <figs/iir/ee18btech11029_bandpass_digital.eps>
Overfull \hbox (81.79134pt too wide) in paragraph at lines 183--184
[][] 
 []

[7] [8]
File: figs/fir/ee18btech11029_lowpass.eps Graphic file (type eps)
 <figs/fir/ee18btech11029_lowpass.eps>
Overfull \hbox (81.79134pt too wide) in paragraph at lines 255--256
[][] 
 []

[9] [10]
File: figs/fir/ee18btech11029_bandpass.eps Graphic file (type eps)
 <figs/fir/ee18btech11029_bandpass.eps>
Overfull \hbox (81.79134pt too wide) in paragraph at lines 276--277
[][] 
 []

[11] (./ee18btech11029.aux)

LaTeX Warning: Label(s) may have changed. Rerun to get cross-references right.

 ) 
Here is how much of TeX's memory you used:
 824 strings out of 483141
 12837 string characters out of 5965178
 244036 words of memory out of 5000000
 15886 multiletter control sequences out of 15000+600000
 536799 words of font info for 39 fonts, out of 8000000 for 9000
 36 hyphenation exceptions out of 8191
 30i,12n,25p,533b,250s stack positions out of 5000i,500n,10000p,200000b,80000s

Output written on ee18btech11029.dvi (11 pages, 19472 bytes).
